00:34:21 - Serial thread started.
00:34:21 - Scanning ports... Found: ['COM5', 'COM4', 'COM3']
00:34:21 - Successfully opened auto-detected port: COM5
00:34:21 - Read 9 bytes: [101, 116, 115, 32, 74, 117, 108, 32, 50]
00:34:21 - Misaligned byte: 0x65
00:34:21 - Misaligned byte: 0x74
00:34:21 - Misaligned byte: 0x73
00:34:21 - Misaligned byte: 0x20
00:34:21 - Misaligned byte: 0x4A
00:34:21 - Misaligned byte: 0x75
00:34:21 - Misaligned byte: 0x6C
00:34:21 - Misaligned byte: 0x20
00:34:21 - Read 41 bytes: [57, 32, 50, 48, 49, 57, 32, 49, 50, 58, 50, 49, 58, 52, 54, 13, 10, 13, 10, 114, 115, 116, 58, 48, 120, 49, 32, 40, 80, 79, 87, 69, 82, 79, 78, 95, 82, 69, 83, 69, 84]
00:34:21 - Misaligned byte: 0x32
00:34:21 - Misaligned byte: 0x39
00:34:21 - Misaligned byte: 0x20
00:34:21 - Misaligned byte: 0x32
00:34:21 - Misaligned byte: 0x30
00:34:21 - Misaligned byte: 0x31
00:34:21 - Misaligned byte: 0x39
00:34:21 - Misaligned byte: 0x20
00:34:21 - Misaligned byte: 0x31
00:34:21 - Misaligned byte: 0x32
00:34:21 - Misaligned byte: 0x3A
00:34:21 - Misaligned byte: 0x32
00:34:21 - Misaligned byte: 0x31
00:34:21 - Misaligned byte: 0x3A
00:34:21 - Misaligned byte: 0x34
00:34:21 - Misaligned byte: 0x36
00:34:21 - Parsed packet: val=0x0D0A -> KEY0=0, KEY1=1, SW=[0, 1, 0, 0, 0, 0, 1, 0, 1, 1]
00:34:21 - Parsed packet: val=0x0D0A -> KEY0=0, KEY1=1, SW=[0, 1, 0, 0, 0, 0, 1, 0, 1, 1]
00:34:21 - Misaligned byte: 0x72
00:34:21 - Misaligned byte: 0x73
00:34:21 - Misaligned byte: 0x74
00:34:21 - Misaligned byte: 0x3A
00:34:21 - Misaligned byte: 0x30
00:34:21 - Misaligned byte: 0x78
00:34:21 - Misaligned byte: 0x31
00:34:21 - Misaligned byte: 0x20
00:34:21 - Misaligned byte: 0x28
00:34:21 - Misaligned byte: 0x50
00:34:21 - Misaligned byte: 0x4F
00:34:21 - Misaligned byte: 0x57
00:34:21 - Misaligned byte: 0x45
00:34:21 - Misaligned byte: 0x52
00:34:21 - Misaligned byte: 0x4F
00:34:21 - Misaligned byte: 0x4E
00:34:21 - Misaligned byte: 0x5F
00:34:21 - Misaligned byte: 0x52
00:34:21 - Misaligned byte: 0x45
00:34:21 - Misaligned byte: 0x53
00:34:21 - Misaligned byte: 0x45
00:34:21 - Read 132 bytes: [41, 44, 98, 111, 111, 116, 58, 48, 120, 49, 51, 32, 40, 83, 80, 73, 95, 70, 65, 83, 84, 95, 70, 76, 65, 83, 72, 95, 66, 79, 79, 84, 41, 13, 10, 99, 111, 110, 102, 105, 103, 115, 105, 112, 58, 32, 48, 44, 32, 83, 80, 73, 87, 80, 58, 48, 120, 101, 101, 13, 10, 99, 108, 107, 95, 100, 114, 118, 58, 48, 120, 48, 48, 44, 113, 95, 100, 114, 118, 58, 48, 120, 48, 48, 44, 100, 95, 100, 114, 118, 58, 48, 120, 48, 48, 44, 99, 115, 48, 95, 100, 114, 118, 58, 48, 120, 48, 48, 44, 104, 100, 95, 100, 114, 118, 58, 48, 120, 48, 48, 44, 119, 112, 95, 100, 114, 118, 58, 48, 120, 48, 48]
00:34:21 - Misaligned byte: 0x54
00:34:21 - Misaligned byte: 0x29
00:34:21 - Misaligned byte: 0x2C
00:34:21 - Misaligned byte: 0x62
00:34:21 - Misaligned byte: 0x6F
00:34:21 - Misaligned byte: 0x6F
00:34:21 - Misaligned byte: 0x74
00:34:21 - Misaligned byte: 0x3A
00:34:21 - Misaligned byte: 0x30
00:34:21 - Misaligned byte: 0x78
00:34:21 - Misaligned byte: 0x31
00:34:21 - Misaligned byte: 0x33
00:34:21 - Misaligned byte: 0x20
00:34:21 - Misaligned byte: 0x28
00:34:21 - Misaligned byte: 0x53
00:34:21 - Misaligned byte: 0x50
00:34:21 - Misaligned byte: 0x49
00:34:21 - Misaligned byte: 0x5F
00:34:21 - Misaligned byte: 0x46
00:34:21 - Misaligned byte: 0x41
00:34:21 - Misaligned byte: 0x53
00:34:21 - Misaligned byte: 0x54
00:34:21 - Misaligned byte: 0x5F
00:34:21 - Misaligned byte: 0x46
00:34:21 - Misaligned byte: 0x4C
00:34:21 - Misaligned byte: 0x41
00:34:21 - Misaligned byte: 0x53
00:34:21 - Misaligned byte: 0x48
00:34:21 - Misaligned byte: 0x5F
00:34:21 - Misaligned byte: 0x42
00:34:21 - Misaligned byte: 0x4F
00:34:21 - Misaligned byte: 0x4F
00:34:21 - Misaligned byte: 0x54
00:34:21 - Misaligned byte: 0x29
00:34:21 - Parsed packet: val=0x0D0A -> KEY0=0, KEY1=1, SW=[0, 1, 0, 0, 0, 0, 1, 0, 1, 1]
00:34:21 - Misaligned byte: 0x63
00:34:21 - Misaligned byte: 0x6F
00:34:21 - Misaligned byte: 0x6E
00:34:21 - Misaligned byte: 0x66
00:34:21 - Misaligned byte: 0x69
00:34:21 - Misaligned byte: 0x67
00:34:21 - Misaligned byte: 0x73
00:34:21 - Misaligned byte: 0x69
00:34:21 - Misaligned byte: 0x70
00:34:21 - Misaligned byte: 0x3A
00:34:21 - Misaligned byte: 0x20
00:34:21 - Misaligned byte: 0x30
00:34:21 - Misaligned byte: 0x2C
00:34:21 - Misaligned byte: 0x20
00:34:21 - Misaligned byte: 0x53
00:34:21 - Misaligned byte: 0x50
00:34:21 - Misaligned byte: 0x49
00:34:21 - Misaligned byte: 0x57
00:34:21 - Misaligned byte: 0x50
00:34:21 - Misaligned byte: 0x3A
00:34:21 - Misaligned byte: 0x30
00:34:21 - Misaligned byte: 0x78
00:34:21 - Misaligned byte: 0x65
00:34:21 - Misaligned byte: 0x65
00:34:21 - Parsed packet: val=0x0D0A -> KEY0=0, KEY1=1, SW=[0, 1, 0, 0, 0, 0, 1, 0, 1, 1]
00:34:21 - Misaligned byte: 0x63
00:34:21 - Misaligned byte: 0x6C
00:34:21 - Misaligned byte: 0x6B
00:34:21 - Misaligned byte: 0x5F
00:34:21 - Misaligned byte: 0x64
00:34:21 - Misaligned byte: 0x72
00:34:21 - Misaligned byte: 0x76
00:34:21 - Misaligned byte: 0x3A
00:34:21 - Misaligned byte: 0x30
00:34:21 - Misaligned byte: 0x78
00:34:21 - Misaligned byte: 0x30
00:34:21 - Misaligned byte: 0x30
00:34:21 - Misaligned byte: 0x2C
00:34:21 - Misaligned byte: 0x71
00:34:21 - Misaligned byte: 0x5F
00:34:21 - Misaligned byte: 0x64
00:34:21 - Misaligned byte: 0x72
00:34:21 - Misaligned byte: 0x76
00:34:21 - Misaligned byte: 0x3A
00:34:21 - Misaligned byte: 0x30
00:34:21 - Misaligned byte: 0x78
00:34:21 - Misaligned byte: 0x30
00:34:21 - Misaligned byte: 0x30
00:34:21 - Misaligned byte: 0x2C
00:34:21 - Misaligned byte: 0x64
00:34:21 - Misaligned byte: 0x5F
00:34:21 - Misaligned byte: 0x64
00:34:21 - Misaligned byte: 0x72
00:34:21 - Misaligned byte: 0x76
00:34:21 - Misaligned byte: 0x3A
00:34:21 - Misaligned byte: 0x30
00:34:21 - Misaligned byte: 0x78
00:34:21 - Misaligned byte: 0x30
00:34:21 - Misaligned byte: 0x30
00:34:21 - Misaligned byte: 0x2C
00:34:21 - Misaligned byte: 0x63
00:34:21 - Misaligned byte: 0x73
00:34:21 - Misaligned byte: 0x30
00:34:21 - Misaligned byte: 0x5F
00:34:21 - Misaligned byte: 0x64
00:34:21 - Misaligned byte: 0x72
00:34:21 - Misaligned byte: 0x76
00:34:21 - Misaligned byte: 0x3A
00:34:21 - Misaligned byte: 0x30
00:34:21 - Misaligned byte: 0x78
00:34:21 - Misaligned byte: 0x30
00:34:21 - Misaligned byte: 0x30
00:34:21 - Misaligned byte: 0x2C
00:34:21 - Misaligned byte: 0x68
00:34:21 - Misaligned byte: 0x64
00:34:21 - Misaligned byte: 0x5F
00:34:21 - Misaligned byte: 0x64
00:34:21 - Misaligned byte: 0x72
00:34:21 - Misaligned byte: 0x76
00:34:21 - Misaligned byte: 0x3A
00:34:21 - Misaligned byte: 0x30
00:34:21 - Misaligned byte: 0x78
00:34:21 - Misaligned byte: 0x30
00:34:21 - Misaligned byte: 0x30
00:34:21 - Misaligned byte: 0x2C
00:34:21 - Misaligned byte: 0x77
00:34:21 - Misaligned byte: 0x70
00:34:21 - Misaligned byte: 0x5F
00:34:21 - Misaligned byte: 0x64
00:34:21 - Misaligned byte: 0x72
00:34:21 - Misaligned byte: 0x76
00:34:21 - Misaligned byte: 0x3A
00:34:21 - Misaligned byte: 0x30
00:34:21 - Misaligned byte: 0x78
00:34:21 - Misaligned byte: 0x30
00:34:21 - Read 122 bytes: [13, 10, 109, 111, 100, 101, 58, 68, 73, 79, 44, 32, 99, 108, 111, 99, 107, 32, 100, 105, 118, 58, 50, 13, 10, 108, 111, 97, 100, 58, 48, 120, 51, 102, 102, 102, 48, 48, 51, 48, 44, 108, 101, 110, 58, 49, 49, 56, 52, 13, 10, 108, 111, 97, 100, 58, 48, 120, 52, 48, 48, 55, 56, 48, 48, 48, 44, 108, 101, 110, 58, 49, 51, 50, 51, 50, 13, 10, 108, 111, 97, 100, 58, 48, 120, 52, 48, 48, 56, 48, 52, 48, 48, 44, 108, 101, 110, 58, 51, 48, 50, 56, 13, 10, 101, 110, 116, 114, 121, 32, 48, 120, 52, 48, 48, 56, 48, 53, 101, 52, 13, 10]
00:34:21 - Misaligned byte: 0x30
00:34:21 - Parsed packet: val=0x0D0A -> KEY0=0, KEY1=1, SW=[0, 1, 0, 0, 0, 0, 1, 0, 1, 1]
00:34:21 - Misaligned byte: 0x6D
00:34:21 - Misaligned byte: 0x6F
00:34:21 - Misaligned byte: 0x64
00:34:21 - Misaligned byte: 0x65
00:34:21 - Misaligned byte: 0x3A
00:34:21 - Misaligned byte: 0x44
00:34:21 - Misaligned byte: 0x49
00:34:21 - Misaligned byte: 0x4F
00:34:21 - Misaligned byte: 0x2C
00:34:21 - Misaligned byte: 0x20
00:34:21 - Misaligned byte: 0x63
00:34:21 - Misaligned byte: 0x6C
00:34:21 - Misaligned byte: 0x6F
00:34:21 - Misaligned byte: 0x63
00:34:21 - Misaligned byte: 0x6B
00:34:21 - Misaligned byte: 0x20
00:34:21 - Misaligned byte: 0x64
00:34:21 - Misaligned byte: 0x69
00:34:21 - Misaligned byte: 0x76
00:34:21 - Misaligned byte: 0x3A
00:34:21 - Misaligned byte: 0x32
00:34:21 - Parsed packet: val=0x0D0A -> KEY0=0, KEY1=1, SW=[0, 1, 0, 0, 0, 0, 1, 0, 1, 1]
00:34:21 - Misaligned byte: 0x6C
00:34:21 - Misaligned byte: 0x6F
00:34:21 - Misaligned byte: 0x61
00:34:21 - Misaligned byte: 0x64
00:34:21 - Misaligned byte: 0x3A
00:34:21 - Misaligned byte: 0x30
00:34:21 - Misaligned byte: 0x78
00:34:21 - Misaligned byte: 0x33
00:34:21 - Misaligned byte: 0x66
00:34:21 - Misaligned byte: 0x66
00:34:21 - Misaligned byte: 0x66
00:34:21 - Misaligned byte: 0x30
00:34:22 - Misaligned byte: 0x30
00:34:22 - Misaligned byte: 0x33
00:34:22 - Misaligned byte: 0x30
00:34:22 - Misaligned byte: 0x2C
00:34:22 - Misaligned byte: 0x6C
00:34:22 - Misaligned byte: 0x65
00:34:22 - Misaligned byte: 0x6E
00:34:22 - Misaligned byte: 0x3A
00:34:22 - Misaligned byte: 0x31
00:34:22 - Misaligned byte: 0x31
00:34:22 - Misaligned byte: 0x38
00:34:22 - Misaligned byte: 0x34
00:34:22 - Parsed packet: val=0x0D0A -> KEY0=0, KEY1=1, SW=[0, 1, 0, 0, 0, 0, 1, 0, 1, 1]
00:34:22 - Misaligned byte: 0x6C
00:34:22 - Misaligned byte: 0x6F
00:34:22 - Misaligned byte: 0x61
00:34:22 - Misaligned byte: 0x64
00:34:22 - Misaligned byte: 0x3A
00:34:22 - Misaligned byte: 0x30
00:34:22 - Misaligned byte: 0x78
00:34:22 - Misaligned byte: 0x34
00:34:22 - Misaligned byte: 0x30
00:34:22 - Misaligned byte: 0x30
00:34:22 - Misaligned byte: 0x37
00:34:22 - Misaligned byte: 0x38
00:34:22 - Misaligned byte: 0x30
00:34:22 - Misaligned byte: 0x30
00:34:22 - Misaligned byte: 0x30
00:34:22 - Misaligned byte: 0x2C
00:34:22 - Misaligned byte: 0x6C
00:34:22 - Misaligned byte: 0x65
00:34:22 - Misaligned byte: 0x6E
00:34:22 - Misaligned byte: 0x3A
00:34:22 - Misaligned byte: 0x31
00:34:22 - Misaligned byte: 0x33
00:34:22 - Misaligned byte: 0x32
00:34:22 - Misaligned byte: 0x33
00:34:22 - Misaligned byte: 0x32
00:34:22 - Parsed packet: val=0x0D0A -> KEY0=0, KEY1=1, SW=[0, 1, 0, 0, 0, 0, 1, 0, 1, 1]
00:34:22 - Misaligned byte: 0x6C
00:34:22 - Misaligned byte: 0x6F
00:34:22 - Misaligned byte: 0x61
00:34:22 - Misaligned byte: 0x64
00:34:22 - Misaligned byte: 0x3A
00:34:22 - Misaligned byte: 0x30
00:34:22 - Misaligned byte: 0x78
00:34:22 - Misaligned byte: 0x34
00:34:22 - Misaligned byte: 0x30
00:34:22 - Misaligned byte: 0x30
00:34:22 - Misaligned byte: 0x38
00:34:22 - Misaligned byte: 0x30
00:34:22 - Misaligned byte: 0x34
00:34:22 - Misaligned byte: 0x30
00:34:22 - Misaligned byte: 0x30
00:34:22 - Misaligned byte: 0x2C
00:34:22 - Misaligned byte: 0x6C
00:34:22 - Misaligned byte: 0x65
00:34:22 - Misaligned byte: 0x6E
00:34:22 - Misaligned byte: 0x3A
00:34:22 - Misaligned byte: 0x33
00:34:22 - Misaligned byte: 0x30
00:34:22 - Misaligned byte: 0x32
00:34:22 - Misaligned byte: 0x38
00:34:22 - Parsed packet: val=0x0D0A -> KEY0=0, KEY1=1, SW=[0, 1, 0, 0, 0, 0, 1, 0, 1, 1]
00:34:22 - Misaligned byte: 0x65
00:34:22 - Misaligned byte: 0x6E
00:34:22 - Misaligned byte: 0x74
00:34:22 - Misaligned byte: 0x72
00:34:22 - Misaligned byte: 0x79
00:34:22 - Misaligned byte: 0x20
00:34:22 - Misaligned byte: 0x30
00:34:22 - Misaligned byte: 0x78
00:34:22 - Misaligned byte: 0x34
00:34:22 - Misaligned byte: 0x30
00:34:22 - Misaligned byte: 0x30
00:34:22 - Misaligned byte: 0x38
00:34:22 - Misaligned byte: 0x30
00:34:22 - Misaligned byte: 0x35
00:34:22 - Misaligned byte: 0x65
00:34:22 - Misaligned byte: 0x34
00:34:22 - Parsed packet: val=0x0D0A -> KEY0=0, KEY1=1, SW=[0, 1, 0, 0, 0, 0, 1, 0, 1, 1]
00:35:34 - Serial thread started.
00:35:34 - Scanning ports... Found: ['COM5', 'COM4', 'COM3']
00:35:34 - Successfully opened auto-detected port: COM5
00:35:34 - Read 304 bytes: [101, 116, 115, 32, 74, 117, 108, 32, 50, 57, 32, 50, 48, 49, 57, 32, 49, 50, 58, 50, 49, 58, 52, 54, 13, 10, 13, 10, 114, 115, 116, 58, 48, 120, 49, 32, 40, 80, 79, 87, 69, 82, 79, 78, 95, 82, 69, 83, 69, 84, 41, 44, 98, 111, 111, 116, 58, 48, 120, 49, 51, 32, 40, 83, 80, 73, 95, 70, 65, 83, 84, 95, 70, 76, 65, 83, 72, 95, 66, 79, 79, 84, 41, 13, 10, 99, 111, 110, 102, 105, 103, 115, 105, 112, 58, 32, 48, 44, 32, 83, 80, 73, 87, 80, 58, 48, 120, 101, 101, 13, 10, 99, 108, 107, 95, 100, 114, 118, 58, 48, 120, 48, 48, 44, 113, 95, 100, 114, 118, 58, 48, 120, 48, 48, 44, 100, 95, 100, 114, 118, 58, 48, 120, 48, 48, 44, 99, 115, 48, 95, 100, 114, 118, 58, 48, 120, 48, 48, 44, 104, 100, 95, 100, 114, 118, 58, 48, 120, 48, 48, 44, 119, 112, 95, 100, 114, 118, 58, 48, 120, 48, 48, 13, 10, 109, 111, 100, 101, 58, 68, 73, 79, 44, 32, 99, 108, 111, 99, 107, 32, 100, 105, 118, 58, 50, 13, 10, 108, 111, 97, 100, 58, 48, 120, 51, 102, 102, 102, 48, 48, 51, 48, 44, 108, 101, 110, 58, 49, 49, 56, 52, 13, 10, 108, 111, 97, 100, 58, 48, 120, 52, 48, 48, 55, 56, 48, 48, 48, 44, 108, 101, 110, 58, 49, 51, 50, 51, 50, 13, 10, 108, 111, 97, 100, 58, 48, 120, 52, 48, 48, 56, 48, 52, 48, 48, 44, 108, 101, 110, 58, 51, 48, 50, 56, 13, 10, 101, 110, 116, 114, 121, 32, 48, 120, 52, 48, 48, 56, 48, 53, 101, 52, 13, 10]
00:35:34 - Misaligned byte: 0x65
00:35:34 - Misaligned byte: 0x74
00:35:34 - Misaligned byte: 0x73
00:35:34 - Misaligned byte: 0x20
00:35:34 - Misaligned byte: 0x4A
00:35:34 - Misaligned byte: 0x75
00:35:34 - Misaligned byte: 0x6C
00:35:34 - Misaligned byte: 0x20
00:35:34 - Misaligned byte: 0x32
00:35:34 - Misaligned byte: 0x39
00:35:34 - Misaligned byte: 0x20
00:35:34 - Misaligned byte: 0x32
00:35:34 - Misaligned byte: 0x30
00:35:34 - Misaligned byte: 0x31
00:35:34 - Misaligned byte: 0x39
00:35:34 - Misaligned byte: 0x20
00:35:34 - Misaligned byte: 0x31
00:35:34 - Misaligned byte: 0x32
00:35:34 - Misaligned byte: 0x3A
00:35:34 - Misaligned byte: 0x32
00:35:34 - Misaligned byte: 0x31
00:35:34 - Misaligned byte: 0x3A
00:35:34 - Misaligned byte: 0x34
00:35:34 - Misaligned byte: 0x36
00:35:34 - Parsed packet: val=0x0D0A -> KEY0=0, KEY1=1, SW=[0, 1, 0, 0, 0, 0, 1, 0, 1, 1]
00:35:34 - Parsed packet: val=0x0D0A -> KEY0=0, KEY1=1, SW=[0, 1, 0, 0, 0, 0, 1, 0, 1, 1]
00:35:34 - Misaligned byte: 0x72
00:35:34 - Misaligned byte: 0x73
00:35:34 - Misaligned byte: 0x74
00:35:34 - Misaligned byte: 0x3A
00:35:34 - Misaligned byte: 0x30
00:35:34 - Misaligned byte: 0x78
00:35:34 - Misaligned byte: 0x31
00:35:34 - Misaligned byte: 0x20
00:35:34 - Misaligned byte: 0x28
00:35:34 - Misaligned byte: 0x50
00:35:34 - Misaligned byte: 0x4F
00:35:34 - Misaligned byte: 0x57
00:35:34 - Misaligned byte: 0x45
00:35:34 - Misaligned byte: 0x52
00:35:34 - Misaligned byte: 0x4F
00:35:34 - Misaligned byte: 0x4E
00:35:34 - Misaligned byte: 0x5F
00:35:34 - Misaligned byte: 0x52
00:35:34 - Misaligned byte: 0x45
00:35:34 - Misaligned byte: 0x53
00:35:34 - Misaligned byte: 0x45
00:35:34 - Misaligned byte: 0x54
00:35:34 - Misaligned byte: 0x29
00:35:34 - Misaligned byte: 0x2C
00:35:34 - Misaligned byte: 0x62
00:35:34 - Misaligned byte: 0x6F
00:35:34 - Misaligned byte: 0x6F
00:35:34 - Misaligned byte: 0x74
00:35:34 - Misaligned byte: 0x3A
00:35:34 - Misaligned byte: 0x30
00:35:34 - Misaligned byte: 0x78
00:35:34 - Misaligned byte: 0x31
00:35:34 - Misaligned byte: 0x33
00:35:34 - Misaligned byte: 0x20
00:35:34 - Misaligned byte: 0x28
00:35:34 - Misaligned byte: 0x53
00:35:34 - Misaligned byte: 0x50
00:35:34 - Misaligned byte: 0x49
00:35:34 - Misaligned byte: 0x5F
00:35:34 - Misaligned byte: 0x46
00:35:34 - Misaligned byte: 0x41
00:35:34 - Misaligned byte: 0x53
00:35:34 - Misaligned byte: 0x54
00:35:34 - Misaligned byte: 0x5F
00:35:34 - Misaligned byte: 0x46
00:35:34 - Misaligned byte: 0x4C
00:35:34 - Misaligned byte: 0x41
00:35:34 - Misaligned byte: 0x53
00:35:34 - Misaligned byte: 0x48
00:35:34 - Misaligned byte: 0x5F
00:35:34 - Misaligned byte: 0x42
00:35:34 - Misaligned byte: 0x4F
00:35:34 - Misaligned byte: 0x4F
00:35:34 - Misaligned byte: 0x54
00:35:34 - Misaligned byte: 0x29
00:35:34 - Parsed packet: val=0x0D0A -> KEY0=0, KEY1=1, SW=[0, 1, 0, 0, 0, 0, 1, 0, 1, 1]
00:35:34 - Misaligned byte: 0x63
00:35:34 - Misaligned byte: 0x6F
00:35:34 - Misaligned byte: 0x6E
00:35:34 - Misaligned byte: 0x66
00:35:34 - Misaligned byte: 0x69
00:35:34 - Misaligned byte: 0x67
00:35:34 - Misaligned byte: 0x73
00:35:34 - Misaligned byte: 0x69
00:35:34 - Misaligned byte: 0x70
00:35:34 - Misaligned byte: 0x3A
00:35:34 - Misaligned byte: 0x20
00:35:34 - Misaligned byte: 0x30
00:35:34 - Misaligned byte: 0x2C
00:35:34 - Misaligned byte: 0x20
00:35:34 - Misaligned byte: 0x53
00:35:34 - Misaligned byte: 0x50
00:35:34 - Misaligned byte: 0x49
00:35:34 - Misaligned byte: 0x57
00:35:34 - Misaligned byte: 0x50
00:35:34 - Misaligned byte: 0x3A
00:35:34 - Misaligned byte: 0x30
00:35:34 - Misaligned byte: 0x78
00:35:34 - Misaligned byte: 0x65
00:35:34 - Misaligned byte: 0x65
00:35:34 - Parsed packet: val=0x0D0A -> KEY0=0, KEY1=1, SW=[0, 1, 0, 0, 0, 0, 1, 0, 1, 1]
00:35:34 - Misaligned byte: 0x63
00:35:34 - Misaligned byte: 0x6C
00:35:34 - Misaligned byte: 0x6B
00:35:34 - Misaligned byte: 0x5F
00:35:34 - Misaligned byte: 0x64
00:35:34 - Misaligned byte: 0x72
00:35:34 - Misaligned byte: 0x76
00:35:34 - Misaligned byte: 0x3A
00:35:34 - Misaligned byte: 0x30
00:35:34 - Misaligned byte: 0x78
00:35:34 - Misaligned byte: 0x30
00:35:34 - Misaligned byte: 0x30
00:35:34 - Misaligned byte: 0x2C
00:35:34 - Misaligned byte: 0x71
00:35:34 - Misaligned byte: 0x5F
00:35:34 - Misaligned byte: 0x64
00:35:34 - Misaligned byte: 0x72
00:35:34 - Misaligned byte: 0x76
00:35:34 - Misaligned byte: 0x3A
00:35:34 - Misaligned byte: 0x30
00:35:34 - Misaligned byte: 0x78
00:35:34 - Misaligned byte: 0x30
00:35:34 - Misaligned byte: 0x30
00:35:34 - Misaligned byte: 0x2C
00:35:34 - Misaligned byte: 0x64
00:35:34 - Misaligned byte: 0x5F
00:35:34 - Misaligned byte: 0x64
00:35:34 - Misaligned byte: 0x72
00:35:34 - Misaligned byte: 0x76
00:35:34 - Misaligned byte: 0x3A
00:35:34 - Misaligned byte: 0x30
00:35:34 - Misaligned byte: 0x78
00:35:34 - Misaligned byte: 0x30
00:35:34 - Misaligned byte: 0x30
00:35:34 - Misaligned byte: 0x2C
00:35:34 - Misaligned byte: 0x63
00:35:34 - Misaligned byte: 0x73
00:35:34 - Misaligned byte: 0x30
00:35:34 - Misaligned byte: 0x5F
00:35:34 - Misaligned byte: 0x64
00:35:34 - Misaligned byte: 0x72
00:35:34 - Misaligned byte: 0x76
00:35:34 - Misaligned byte: 0x3A
00:35:34 - Misaligned byte: 0x30
00:35:34 - Misaligned byte: 0x78
00:35:34 - Misaligned byte: 0x30
00:35:34 - Misaligned byte: 0x30
00:35:34 - Misaligned byte: 0x2C
00:35:34 - Misaligned byte: 0x68
00:35:34 - Misaligned byte: 0x64
00:35:34 - Misaligned byte: 0x5F
00:35:34 - Misaligned byte: 0x64
00:35:34 - Misaligned byte: 0x72
00:35:34 - Misaligned byte: 0x76
00:35:34 - Misaligned byte: 0x3A
00:35:34 - Misaligned byte: 0x30
00:35:34 - Misaligned byte: 0x78
00:35:34 - Misaligned byte: 0x30
00:35:34 - Misaligned byte: 0x30
00:35:34 - Misaligned byte: 0x2C
00:35:34 - Misaligned byte: 0x77
00:35:34 - Misaligned byte: 0x70
00:35:34 - Misaligned byte: 0x5F
00:35:34 - Misaligned byte: 0x64
00:35:34 - Misaligned byte: 0x72
00:35:34 - Misaligned byte: 0x76
00:35:34 - Misaligned byte: 0x3A
00:35:34 - Misaligned byte: 0x30
00:35:34 - Misaligned byte: 0x78
00:35:34 - Misaligned byte: 0x30
00:35:34 - Misaligned byte: 0x30
00:35:34 - Parsed packet: val=0x0D0A -> KEY0=0, KEY1=1, SW=[0, 1, 0, 0, 0, 0, 1, 0, 1, 1]
00:35:34 - Misaligned byte: 0x6D
00:35:34 - Misaligned byte: 0x6F
00:35:34 - Misaligned byte: 0x64
00:35:34 - Misaligned byte: 0x65
00:35:34 - Misaligned byte: 0x3A
00:35:34 - Misaligned byte: 0x44
00:35:34 - Misaligned byte: 0x49
00:35:34 - Misaligned byte: 0x4F
00:35:34 - Misaligned byte: 0x2C
00:35:34 - Misaligned byte: 0x20
00:35:34 - Misaligned byte: 0x63
00:35:34 - Misaligned byte: 0x6C
00:35:34 - Misaligned byte: 0x6F
00:35:34 - Misaligned byte: 0x63
00:35:34 - Misaligned byte: 0x6B
00:35:34 - Misaligned byte: 0x20
00:35:34 - Misaligned byte: 0x64
00:35:34 - Misaligned byte: 0x69
00:35:34 - Misaligned byte: 0x76
00:35:34 - Misaligned byte: 0x3A
00:35:34 - Misaligned byte: 0x32
00:35:34 - Parsed packet: val=0x0D0A -> KEY0=0, KEY1=1, SW=[0, 1, 0, 0, 0, 0, 1, 0, 1, 1]
00:35:34 - Misaligned byte: 0x6C
00:35:34 - Misaligned byte: 0x6F
00:35:34 - Misaligned byte: 0x61
00:35:34 - Misaligned byte: 0x64
00:35:34 - Misaligned byte: 0x3A
00:35:34 - Misaligned byte: 0x30
00:35:34 - Misaligned byte: 0x78
00:35:34 - Misaligned byte: 0x33
00:35:34 - Misaligned byte: 0x66
00:35:34 - Misaligned byte: 0x66
00:35:34 - Misaligned byte: 0x66
00:35:34 - Misaligned byte: 0x30
00:35:34 - Misaligned byte: 0x30
00:35:34 - Misaligned byte: 0x33
00:35:34 - Misaligned byte: 0x30
00:35:34 - Misaligned byte: 0x2C
00:35:34 - Misaligned byte: 0x6C
00:35:34 - Misaligned byte: 0x65
00:35:34 - Misaligned byte: 0x6E
00:35:34 - Misaligned byte: 0x3A
00:35:34 - Misaligned byte: 0x31
00:35:34 - Misaligned byte: 0x31
00:35:34 - Misaligned byte: 0x38
00:35:34 - Misaligned byte: 0x34
00:35:34 - Parsed packet: val=0x0D0A -> KEY0=0, KEY1=1, SW=[0, 1, 0, 0, 0, 0, 1, 0, 1, 1]
00:35:34 - Misaligned byte: 0x6C
00:35:34 - Misaligned byte: 0x6F
00:35:34 - Misaligned byte: 0x61
00:35:34 - Misaligned byte: 0x64
00:35:34 - Misaligned byte: 0x3A
00:35:34 - Misaligned byte: 0x30
00:35:34 - Misaligned byte: 0x78
00:35:34 - Misaligned byte: 0x34
00:35:34 - Misaligned byte: 0x30
00:35:34 - Misaligned byte: 0x30
00:35:34 - Misaligned byte: 0x37
00:35:34 - Misaligned byte: 0x38
00:35:34 - Misaligned byte: 0x30
00:35:34 - Misaligned byte: 0x30
00:35:34 - Misaligned byte: 0x30
00:35:34 - Misaligned byte: 0x2C
00:35:34 - Misaligned byte: 0x6C
00:35:34 - Misaligned byte: 0x65
00:35:34 - Misaligned byte: 0x6E
00:35:34 - Misaligned byte: 0x3A
00:35:34 - Misaligned byte: 0x31
00:35:34 - Misaligned byte: 0x33
00:35:34 - Misaligned byte: 0x32
00:35:34 - Misaligned byte: 0x33
00:35:34 - Misaligned byte: 0x32
00:35:34 - Parsed packet: val=0x0D0A -> KEY0=0, KEY1=1, SW=[0, 1, 0, 0, 0, 0, 1, 0, 1, 1]
00:35:34 - Misaligned byte: 0x6C
00:35:34 - Misaligned byte: 0x6F
00:35:34 - Misaligned byte: 0x61
00:35:34 - Misaligned byte: 0x64
00:35:34 - Misaligned byte: 0x3A
00:35:34 - Misaligned byte: 0x30
00:35:34 - Misaligned byte: 0x78
00:35:34 - Misaligned byte: 0x34
00:35:34 - Misaligned byte: 0x30
00:35:34 - Misaligned byte: 0x30
00:35:34 - Misaligned byte: 0x38
00:35:34 - Misaligned byte: 0x30
00:35:34 - Misaligned byte: 0x34
00:35:34 - Misaligned byte: 0x30
00:35:34 - Misaligned byte: 0x30
00:35:34 - Misaligned byte: 0x2C
00:35:34 - Misaligned byte: 0x6C
00:35:34 - Misaligned byte: 0x65
00:35:34 - Misaligned byte: 0x6E
00:35:34 - Misaligned byte: 0x3A
00:35:34 - Misaligned byte: 0x33
00:35:34 - Misaligned byte: 0x30
00:35:34 - Misaligned byte: 0x32
00:35:34 - Misaligned byte: 0x38
00:35:34 - Parsed packet: val=0x0D0A -> KEY0=0, KEY1=1, SW=[0, 1, 0, 0, 0, 0, 1, 0, 1, 1]
00:35:34 - Misaligned byte: 0x65
00:35:34 - Misaligned byte: 0x6E
00:35:34 - Misaligned byte: 0x74
00:35:34 - Misaligned byte: 0x72
00:35:34 - Misaligned byte: 0x79
00:35:34 - Misaligned byte: 0x20
00:35:34 - Misaligned byte: 0x30
00:35:34 - Misaligned byte: 0x78
00:35:34 - Misaligned byte: 0x34
00:35:34 - Misaligned byte: 0x30
00:35:34 - Misaligned byte: 0x30
00:35:34 - Misaligned byte: 0x38
00:35:34 - Misaligned byte: 0x30
00:35:34 - Misaligned byte: 0x35
00:35:34 - Misaligned byte: 0x65
00:35:34 - Misaligned byte: 0x34
00:35:34 - Parsed packet: val=0x0D0A -> KEY0=0, KEY1=1, SW=[0, 1, 0, 0, 0, 0, 1, 0, 1, 1]
00:35:34 - Read 43 bytes: [91, 69, 83, 80, 51, 50, 93, 32, 83, 101, 114, 105, 97, 108, 32, 98, 114, 105, 100, 103, 101, 32, 115, 116, 97, 114, 116, 101, 100, 46, 32, 82, 88, 32, 80, 105, 110, 58, 32, 49, 55, 13, 10]
00:35:34 - Misaligned byte: 0x5B
00:35:34 - Misaligned byte: 0x45
00:35:34 - Misaligned byte: 0x53
00:35:34 - Misaligned byte: 0x50
00:35:34 - Misaligned byte: 0x33
00:35:34 - Misaligned byte: 0x32
00:35:34 - Misaligned byte: 0x5D
00:35:34 - Misaligned byte: 0x20
00:35:34 - Misaligned byte: 0x53
00:35:34 - Misaligned byte: 0x65
00:35:34 - Misaligned byte: 0x72
00:35:34 - Misaligned byte: 0x69
00:35:34 - Misaligned byte: 0x61
00:35:34 - Misaligned byte: 0x6C
00:35:34 - Misaligned byte: 0x20
00:35:34 - Misaligned byte: 0x62
00:35:34 - Misaligned byte: 0x72
00:35:34 - Misaligned byte: 0x69
00:35:34 - Misaligned byte: 0x64
00:35:34 - Misaligned byte: 0x67
00:35:34 - Misaligned byte: 0x65
00:35:34 - Misaligned byte: 0x20
00:35:34 - Misaligned byte: 0x73
00:35:35 - Misaligned byte: 0x74
00:35:35 - Misaligned byte: 0x61
00:35:35 - Misaligned byte: 0x72
00:35:35 - Misaligned byte: 0x74
00:35:35 - Misaligned byte: 0x65
00:35:35 - Misaligned byte: 0x64
00:35:35 - Misaligned byte: 0x2E
00:35:35 - Misaligned byte: 0x20
00:35:35 - Misaligned byte: 0x52
00:35:35 - Misaligned byte: 0x58
00:35:35 - Misaligned byte: 0x20
00:35:35 - Misaligned byte: 0x50
00:35:35 - Misaligned byte: 0x69
00:35:35 - Misaligned byte: 0x6E
00:35:35 - Misaligned byte: 0x3A
00:35:35 - Misaligned byte: 0x20
00:35:35 - Misaligned byte: 0x31
00:35:35 - Misaligned byte: 0x37
00:35:35 - Parsed packet: val=0x0D0A -> KEY0=0, KEY1=1, SW=[0, 1, 0, 0, 0, 0, 1, 0, 1, 1]
00:39:56 - Serial thread started.
00:39:57 - Scanning ports... Found: ['COM5', 'COM4', 'COM3']
00:39:57 - Successfully opened auto-detected port: COM5
00:41:15 - Serial thread started.
00:41:15 - Scanning ports... Found: ['COM5', 'COM4', 'COM3']
00:41:15 - Successfully opened auto-detected port: COM5
00:44:01 - Serial thread started.
00:44:01 - Scanning ports... Found: ['COM5', 'COM4', 'COM3']
00:44:01 - Successfully opened auto-detected port: COM5
00:46:39 - Serial thread started.
00:46:39 - Scanning ports... Found: ['COM5', 'COM4', 'COM3']
00:46:39 - Successfully opened auto-detected port: COM5
02:34:27 - Serial thread started.
02:34:27 - Scanning ports... Found: ['COM5', 'COM4', 'COM3']
02:34:27 - Successfully opened auto-detected port: COM5
